<?xml version="1.0" encoding="UTF-8"?>
<!-- Generated by org.testng.reporters.JUnitReportReporter -->
<testsuite hostname="DESKTOP-4CH8G3I" failures="0" tests="1" name="Testcases.TC_ApproveTimeSheets" time="2.764" errors="0" timestamp="2024-07-23T19:03:13 GST" skipped="0">
  <testcase classname="Testcases.TC_ApproveTimeSheets" name="ApproveTS" time="2.764"/>
</testsuite> <!-- Testcases.TC_ApproveTimeSheets -->
