<?xml version="1.0" encoding="UTF-8"?>
<!-- Generated by org.testng.reporters.JUnitReportReporter -->
<testsuite hostname="DESKTOP-4CH8G3I" failures="0" tests="1" name="Testcases.TC_Admin_User_Search" time="15.394" errors="0" timestamp="2024-07-23T21:09:04 GST" skipped="0">
  <testcase classname="Testcases.TC_Admin_User_Search" name="ApproveTS" time="15.394"/>
</testsuite> <!-- Testcases.TC_Admin_User_Search -->
