<?xml version="1.0" encoding="UTF-8"?>
<!-- Generated by org.testng.reporters.JUnitReportReporter -->
<testsuite hostname="DESKTOP-4CH8G3I" failures="0" tests="1" name="Testcases.TC_AddNewVacancy" time="30.934" errors="0" timestamp="2024-07-23T17:28:33 GST" skipped="0">
  <testcase classname="Testcases.TC_AddNewVacancy" name="AddVacancy" time="30.934"/>
</testsuite> <!-- Testcases.TC_AddNewVacancy -->
