<?xml version="1.0" encoding="UTF-8"?>
<!-- Generated by org.testng.reporters.JUnitReportReporter -->
<testsuite hostname="DESKTOP-4CH8G3I" failures="0" tests="1" name="Testcases.TC_Login_HRM" time="40.587" errors="0" timestamp="2024-07-24T00:27:05 GST" skipped="0">
  <testcase classname="Testcases.TC_Login_HRM" name="login_test" time="40.587"/>
</testsuite> <!-- Testcases.TC_Login_HRM -->
