<?xml version="1.0" encoding="UTF-8"?>
<!-- Generated by org.testng.reporters.JUnitReportReporter -->
<testsuite hostname="DESKTOP-4CH8G3I" failures="0" tests="1" name="Testcases.TC_Logout" time="3.700" errors="0" timestamp="2024-07-24T00:27:05 GST" skipped="0">
  <testcase classname="Testcases.TC_Logout" name="Logut" time="3.700"/>
</testsuite> <!-- Testcases.TC_Logout -->
